Dealer: bot -> SB=10, BB=20
Fichas -> Tú: 980 | Bot: 990 | Pot: 30
=== Nueva mano ===
Dealer: BOT
Tus cartas: ['6D', '8S']
Fichas -> Tú: 980 | Bot: 990 | Pot: 30
--- Nueva ronda de apuestas (inicia: PLAYER) ---
Player hace CHECK.
Player hace CHECK.
Bot hace RAISE de 30 fichas (incluyendo call).
Player hace CHECK.
Player hace CHECK.
Bot hace CHECK.
Ronda de apuestas completada.
Fichas -> Tú: 950 | Bot: 950 | Pot: 100
Flop: ['5D', '2S', 'TH'][][]
Fichas -> Tú: 950 | Bot: 950 | Pot: 100
--- Nueva ronda de apuestas (inicia: PLAYER) ---
Player hace CHECK.
Player hace CHECK.
Bot hace CHECK.
Ronda de apuestas completada.
Fichas -> Tú: 950 | Bot: 950 | Pot: 100
Turn: ['5D', '2S', 'TH']['5C'][]
Fichas -> Tú: 950 | Bot: 950 | Pot: 100
--- Nueva ronda de apuestas (inicia: PLAYER) ---
Player hace CHECK.
Player hace CHECK.
Bot hace RAISE de 100 fichas (incluyendo call).
Player hace CHECK.
Player hace CHECK.
Bot hace CHECK.
Ronda de apuestas completada.
Fichas -> Tú: 850 | Bot: 850 | Pot: 300
River: ['5D', '2S', 'TH']['5C']['QS']
Fichas -> Tú: 850 | Bot: 850 | Pot: 300
--- Nueva ronda de apuestas (inicia: PLAYER) ---
Player hace CHECK.
Player hace CHECK.
Bot hace RAISE de 150 fichas (incluyendo call).
Player hace CHECK.
Player hace CHECK.
Bot hace CHECK.
Ronda de apuestas completada.
Fichas -> Tú: 700 | Bot: 700 | Pot: 600
Fichas -> Tú: 700 | Bot: 700 | Pot: 600
--- Nueva ronda de apuestas (inicia: PLAYER) ---
Showdown!
Tus cartas: ['6D', '8S'] + Comunidad: ['5D', '2S', 'TH', '5C', 'QS']
Cartas del bot: ['JS', 'JD'] + Comunidad: ['5D', '2S', 'TH', '5C', 'QS']
Tu mejor jugada: Pareja de 5 con kickers 12, 10, 8
Mejor jugada del bot: Dobles parejas de 11 y 5 con kicker 12
-- Pot total: 600 fichas (Main Pot=600, Side Pot=0)
El bot gana la mano y se lleva MAIN+SIDE POT: 600 fichas.
Fichas -> Tú: 700 | Bot: 1300 | Pot: 600
